<?xml version="1.0" encoding="UTF-8"?>
<testsuite xmlns:xsi="http://www.w3.org/2001/XMLSchema-instance" xsi:noNamespaceSchemaLocation="https://maven.apache.org/surefire/maven-surefire-plugin/xsd/surefire-test-report.xsd" name="ArgumentsSourceExampleTest" time="0.008" tests="5" errors="0" skipped="0" failures="0">
  <properties>
[...]
</properties>
  <testcase name="testGeneratedArguments{double}[1]" classname="ArgumentsSourceExampleTest" time="0"/>
  <testcase name="testGeneratedArguments{double}[2]" classname="ArgumentsSourceExampleTest" time="0"/>
  <testcase name="testGeneratedArguments{double}[3]" classname="ArgumentsSourceExampleTest" time="0"/>
  <testcase name="testGeneratedArguments{double}[4]" classname="ArgumentsSourceExampleTest" time="0"/>
  <testcase name="testGeneratedArguments{double}[5]" classname="ArgumentsSourceExampleTest" time="0"/>
</testsuite>